  소스.cpp
D:\Backjoon\16938(캠프 준비)\16938(캠프 준비)\소스.cpp(25,21): warning C4244: '인수': '_Ty'에서 'const _Ty'(으)로 변환하면서 데이터가 손실될 수 있습니다.
          with
          [
              _Ty=__int64
          ]
          and
          [
              _Ty=int
          ]
D:\Backjoon\16938(캠프 준비)\16938(캠프 준비)\소스.cpp(30,21): warning C4244: '인수': '_Ty'에서 'const _Ty'(으)로 변환하면서 데이터가 손실될 수 있습니다.
          with
          [
              _Ty=__int64
          ]
          and
          [
              _Ty=int
          ]
  16938(캠프 준비).vcxproj -> D:\Backjoon\16938(캠프 준비)\Debug\16938(캠프 준비).exe
